#
# A fatal error has been detected by the Java Runtime Environment:
#
# java.lang.OutOfMemoryError: requested 32744 bytes for ChunkPool::allocate. Out of swap space?
#
#  Internal Error (allocation.cpp:117), pid=2800, tid=4608
#  Error: ChunkPool::allocate
#
# JRE version: 6.0_18-b07
# Java VM: Java HotSpot(TM) 64-Bit Server VM (16.0-b13 mixed mode windows-amd64 )
# If you would like to submit a bug report, please visit:
#   http://java.sun.com/webapps/bugreport/crash.jsp
#

---------------  T H R E A D  ---------------

Current thread (0x0000000049f27000):  JavaThread "CompilerThread1" daemon [_thread_in_native, id=4608, stack(0x000000004a3d0000,0x000000004a4d0000)]

Stack: [0x000000004a3d0000,0x000000004a4d0000]

Current CompileTask:
C2: 23      Tile.draw(Ljava/awt/Graphics;)V (59 bytes)


---------------  P R O C E S S  ---------------

Java Threads: ( => current thread )
  0x000000004a001800 JavaThread "AWT-EventQueue-0" [_thread_in_Java, id=5296, stack(0x000000004b080000,0x000000004b180000)]
  0x000000004a000000 JavaThread "AWT-Shutdown" [_thread_blocked, id=3432, stack(0x000000004ae80000,0x000000004af80000)]
  0x000000004a001000 JavaThread "AWT-Windows" daemon [_thread_in_native, id=1908, stack(0x000000004af80000,0x000000004b080000)]
  0x0000000049ffc000 JavaThread "Java2D Disposer" daemon [_thread_blocked, id=1840, stack(0x000000004ad80000,0x000000004ae80000)]
  0x0000000049f29000 JavaThread "Low Memory Detector" daemon [_thread_blocked, id=3544, stack(0x000000004a4d0000,0x000000004a5d0000)]
=>0x0000000049f27000 JavaThread "CompilerThread1" daemon [_thread_in_native, id=4608, stack(0x000000004a3d0000,0x000000004a4d0000)]
  0x0000000049f23000 JavaThread "CompilerThread0" daemon [_thread_blocked, id=4964, stack(0x000000004a2d0000,0x000000004a3d0000)]
  0x000000000052e800 JavaThread "Attach Listener" daemon [_thread_blocked, id=5800, stack(0x000000004a1d0000,0x000000004a2d0000)]
  0x0000000049f1c800 JavaThread "Signal Dispatcher" daemon [_thread_blocked, id=1180, stack(0x000000004a0d0000,0x000000004a1d0000)]
  0x0000000000527800 JavaThread "Finalizer" daemon [_thread_blocked, id=4648, stack(0x0000000049dd0000,0x0000000049ed0000)]
  0x0000000000520800 JavaThread "Reference Handler" daemon [_thread_blocked, id=8020, stack(0x0000000049cd0000,0x0000000049dd0000)]
  0x000000000038b800 JavaThread "main" [_thread_in_Java, id=5356, stack(0x0000000002350000,0x0000000002450000)]

Other Threads:
  0x000000000051c000 VMThread [stack: 0x0000000049bd0000,0x0000000049cd0000] [id=5940]
  0x0000000049f2a000 WatcherThread [stack: 0x000000004a5d0000,0x000000004a6d0000] [id=3468]

VM state:not at safepoint (normal execution)

VM Mutex/Monitor currently owned by a thread: None

Heap
 PSYoungGen      total 34624K, used 8084K [0x0000000034270000, 0x00000000366d0000, 0x0000000048f10000)
  eden space 32000K, 25% used [0x0000000034270000,0x0000000034a55270,0x00000000361b0000)
  from space 2624K, 0% used [0x0000000036440000,0x0000000036440000,0x00000000366d0000)
  to   space 2624K, 0% used [0x00000000361b0000,0x00000000361b0000,0x0000000036440000)
 PSOldGen        total 67584K, used 32555K [0x000000000a910000, 0x000000000eb10000, 0x0000000034270000)
  object space 67584K, 48% used [0x000000000a910000,0x000000000c8daeb8,0x000000000eb10000)
 PSPermGen       total 21248K, used 7932K [0x0000000005510000, 0x00000000069d0000, 0x000000000a910000)
  object space 21248K, 37% used [0x0000000005510000,0x0000000005ccf308,0x00000000069d0000)

Dynamic libraries:
0x0000000000400000 - 0x000000000042e000 	C:\Program Files\Java\jre6\bin\javaw.exe
0x0000000077850000 - 0x00000000779f9000 	C:\Windows\SYSTEM32\ntdll.dll
0x0000000077730000 - 0x000000007784f000 	C:\Windows\system32\kernel32.dll
0x000007fefd940000 - 0x000007fefd9ab000 	C:\Windows\system32\KERNELBASE.dll
0x000007fefe3b0000 - 0x000007fefe48b000 	C:\Windows\system32\ADVAPI32.dll
0x000007fefe0e0000 - 0x000007fefe17f000 	C:\Windows\system32\msvcrt.dll
0x000007fefe180000 - 0x000007fefe19f000 	C:\Windows\SYSTEM32\sechost.dll
0x000007fefe5d0000 - 0x000007fefe6fd000 	C:\Windows\system32\RPCRT4.dll
0x0000000077630000 - 0x000000007772a000 	C:\Windows\system32\USER32.dll
0x000007feff670000 - 0x000007feff6d7000 	C:\Windows\system32\GDI32.dll
0x000007feff970000 - 0x000007feff97e000 	C:\Windows\system32\LPK.dll
0x000007fefe700000 - 0x000007fefe7c9000 	C:\Windows\system32\USP10.dll
0x000007fefde00000 - 0x000007fefde2e000 	C:\Windows\system32\IMM32.DLL
0x000007fefdcf0000 - 0x000007fefddf9000 	C:\Windows\system32\MSCTF.dll
0x000000006d7f0000 - 0x000000006de95000 	C:\Program Files\Java\jre6\bin\server\jvm.dll
0x000007fefb070000 - 0x000007fefb0ab000 	C:\Windows\system32\WINMM.dll
0x000000006d760000 - 0x000000006d76e000 	C:\Program Files\Java\jre6\bin\verify.dll
0x000000006d3b0000 - 0x000000006d3d7000 	C:\Program Files\Java\jre6\bin\java.dll
0x000000006d310000 - 0x000000006d31a000 	C:\Program Files\Java\jre6\bin\hpi.dll
0x0000000077a20000 - 0x0000000077a27000 	C:\Windows\system32\PSAPI.DLL
0x000000006d7b0000 - 0x000000006d7c2000 	C:\Program Files\Java\jre6\bin\zip.dll
0x000000006d000000 - 0x000000006d1c2000 	C:\Program Files\Java\jre6\bin\awt.dll
0x000007fef9e00000 - 0x000007fef9e71000 	C:\Windows\system32\WINSPOOL.DRV
0x000007fefe1a0000 - 0x000007fefe3a3000 	C:\Windows\system32\ole32.dll
0x000007fefe7d0000 - 0x000007feff558000 	C:\Windows\system32\SHELL32.dll
0x000007feff8f0000 - 0x000007feff961000 	C:\Windows\system32\SHLWAPI.dll
0x000007fefbff0000 - 0x000007fefc1e4000 	C:\Windows\WinSxS\amd64_microsoft.windows.common-controls_6595b64144ccf1df_6.0.7601.17514_none_fa396087175ac9ac\COMCTL32.dll
0x000007fefb5d0000 - 0x000007fefb5e8000 	C:\Windows\system32\DWMAPI.DLL
0x000007fefbde0000 - 0x000007fefbe36000 	C:\Windows\system32\uxtheme.dll
0x000000006d2a0000 - 0x000000006d30b000 	C:\Program Files\Java\jre6\bin\fontmanager.dll
0x000007fefd4f0000 - 0x000007fefd4ff000 	C:\Windows\system32\CRYPTBASE.dll

VM Arguments:
jvm_args: -Dfile.encoding=Cp1252 
java_command: Main
Launcher Type: SUN_STANDARD

Environment Variables:
CLASSPATH=.;C:\Program Files (x86)\Java\jre7\lib\ext\QTJava.zip
PATH=C:\Program Files (x86)\NVIDIA Corporation\PhysX\Common;C:\Windows\system32;C:\Windows;C:\Windows\System32\Wbem;C:\Windows\System32\WindowsPowerShell\v1.0\;c:\Program Files\Intel\DMIX;C:\Program Files (x86)\Common Files\Roxio Shared\DLLShared\;C:\Program Files (x86)\Common Files\Roxio Shared\10.0\DLLShared\;c:\Program Files (x86)\Microsoft SQL Server\100\Tools\Binn\;c:\Program Files\Microsoft SQL Server\100\Tools\Binn\;c:\Program Files\Microsoft SQL Server\100\DTS\Binn\;C:\Program Files (x86)\QuickTime\QTSystem\
USERNAME=JavaP1
OS=Windows_NT
PROCESSOR_IDENTIFIER=Intel64 Family 6 Model 42 Stepping 7, GenuineIntel



---------------  S Y S T E M  ---------------

OS: Windows 7 Build 7601 Service Pack 1

CPU:total 4 (8 cores per cpu, 2 threads per core) family 6 model 42 stepping 7, cmov, cx8, fxsr, mmx, sse, sse2, sse3, ssse3, sse4.1, sse4.2, popcnt, ht

Memory: 4k page, physical 4079668k(342540k free), swap 9212440k(8548k free)

vm_info: Java HotSpot(TM) 64-Bit Server VM (16.0-b13) for windows-amd64 JRE (1.6.0_18-b07), built on Dec 17 2009 13:24:11 by "java_re" with MS VC++ 8.0 (VS2005)

time: Wed Feb 12 13:24:54 2014
elapsed time: 163 seconds

